<?xml version="1.0" encoding="UTF-8"?>
<testsuite xmlns:xsi="http://www.w3.org/2001/XMLSchema-instance" xsi:noNamespaceSchemaLocation="https://maven.apache.org/surefire/maven-surefire-plugin/xsd/surefire-test-report.xsd" version="3.0.1" name="com.mycompany.app.AppTest" time="0.027" tests="11" errors="0" skipped="0" failures="0">
  <properties>
[...]
</properties>
  <testcase name="testGoodTrue" classname="com.mycompany.app.AppTest" time="0.012"/>
  <testcase name="shouldAnswerWithTrue" classname="com.mycompany.app.AppTest" time="0.001"/>
  <testcase name="testAverage" classname="com.mycompany.app.AppTest" time="0.001"/>
  <testcase name="testCalcPerfectSquare" classname="com.mycompany.app.AppTest" time="0.001"/>
  <testcase name="testIterDifferentStart" classname="com.mycompany.app.AppTest" time="0.0"/>
  <testcase name="testCalcZero" classname="com.mycompany.app.AppTest" time="0.0"/>
  <testcase name="testIterNegativeInitialGuess" classname="com.mycompany.app.AppTest" time="0.0"/>
  <testcase name="testIterPerfectSquare" classname="com.mycompany.app.AppTest" time="0.0"/>
  <testcase name="testImprove" classname="com.mycompany.app.AppTest" time="0.0"/>
  <testcase name="testCalcNonSquare" classname="com.mycompany.app.AppTest" time="0.0"/>
  <testcase name="testGoodFalse" classname="com.mycompany.app.AppTest" time="0.001"/>
</testsuite>